TN:
SF:tests/app.ts
FN:14,getSseClients
FN:16,broadcast
FN:18,(anonymous_3)
FN:22,(anonymous_4)
FN:29,(anonymous_5)
FN:36,(anonymous_6)
FN:54,(anonymous_7)
FN:92,(anonymous_8)
FN:137,(anonymous_9)
FN:151,(anonymous_10)
FNF:10
FNH:10
FNDA:8,getSseClients
FNDA:49,broadcast
FNDA:4,(anonymous_3)
FNDA:5,(anonymous_4)
FNDA:5,(anonymous_5)
FNDA:44,(anonymous_6)
FNDA:37,(anonymous_7)
FNDA:10,(anonymous_8)
FNDA:5,(anonymous_9)
FNDA:14,(anonymous_10)
DA:4,5
DA:5,5
DA:7,5
DA:9,5
DA:12,5
DA:14,8
DA:17,49
DA:18,49
DA:22,5
DA:23,5
DA:24,5
DA:25,5
DA:26,5
DA:27,5
DA:28,5
DA:29,5
DA:30,5
DA:31,5
DA:36,5
DA:37,44
DA:39,44
DA:40,44
DA:42,44
DA:43,19
DA:44,19
DA:47,44
DA:49,44
DA:50,44
DA:54,5
DA:55,37
DA:57,37
DA:58,8
DA:61,29
DA:62,1
DA:65,28
DA:66,1
DA:69,27
DA:70,27
DA:75,27
DA:83,27
DA:84,27
DA:85,27
DA:87,0
DA:92,5
DA:93,10
DA:94,10
DA:96,10
DA:97,10
DA:98,1
DA:101,9
DA:102,1
DA:105,8
DA:106,1
DA:109,7
DA:121,7
DA:131,7
DA:132,7
DA:133,7
DA:137,5
DA:138,5
DA:140,5
DA:141,5
DA:142,1
DA:145,4
DA:146,4
DA:147,4
DA:151,5
DA:152,14
DA:153,14
DA:155,14
DA:156,14
DA:157,1
DA:160,13
DA:161,2
DA:164,11
DA:170,11
DA:172,11
DA:173,11
DA:174,11
DA:177,5
LF:80
LH:79
BRDA:31,0,0,4
BRDA:42,1,0,19
BRDA:42,2,0,44
BRDA:42,2,1,19
BRDA:57,3,0,8
BRDA:57,4,0,37
BRDA:57,4,1,32
BRDA:61,5,0,1
BRDA:65,6,0,1
BRDA:65,7,0,28
BRDA:65,7,1,12
BRDA:77,8,0,27
BRDA:77,8,1,26
BRDA:79,9,0,27
BRDA:79,9,1,25
BRDA:80,10,0,27
BRDA:80,10,1,16
BRDA:97,11,0,1
BRDA:101,12,0,1
BRDA:101,13,0,9
BRDA:101,13,1,3
BRDA:105,14,0,1
BRDA:105,15,0,8
BRDA:105,15,1,1
BRDA:122,16,0,7
BRDA:122,16,1,2
BRDA:123,17,0,7
BRDA:123,17,1,6
BRDA:124,18,0,7
BRDA:124,18,1,5
BRDA:125,19,0,7
BRDA:125,19,1,6
BRDA:126,20,0,7
BRDA:126,20,1,7
BRDA:127,21,0,7
BRDA:127,21,1,7
BRDA:141,22,0,1
BRDA:156,23,0,1
BRDA:160,24,0,2
BRDA:160,25,0,13
BRDA:160,25,1,12
BRDA:170,26,0,11
BRDA:170,26,1,9
BRF:43
BRH:43
end_of_record
