TN:
SF:tests/app.ts
FN:12,(anonymous_1)
FN:30,(anonymous_2)
FN:67,(anonymous_3)
FN:111,(anonymous_4)
FN:124,(anonymous_5)
FNF:5
FNH:5
FNDA:44,(anonymous_1)
FNDA:33,(anonymous_2)
FNDA:9,(anonymous_3)
FNDA:4,(anonymous_4)
FNDA:13,(anonymous_5)
DA:4,4
DA:5,4
DA:7,4
DA:9,4
DA:12,4
DA:13,44
DA:15,44
DA:16,44
DA:18,44
DA:19,19
DA:20,19
DA:23,44
DA:25,44
DA:26,44
DA:30,4
DA:31,33
DA:33,33
DA:34,8
DA:37,25
DA:38,1
DA:41,24
DA:42,1
DA:45,23
DA:46,23
DA:51,23
DA:59,23
DA:60,23
DA:62,0
DA:67,4
DA:68,9
DA:69,9
DA:71,9
DA:72,9
DA:73,1
DA:76,8
DA:77,1
DA:80,7
DA:81,1
DA:84,6
DA:96,6
DA:106,6
DA:107,6
DA:111,4
DA:112,4
DA:114,4
DA:115,4
DA:116,1
DA:119,3
DA:120,3
DA:124,4
DA:125,13
DA:126,13
DA:128,13
DA:129,13
DA:130,1
DA:133,12
DA:134,2
DA:137,10
DA:143,10
DA:145,10
DA:146,10
DA:149,4
LF:62
LH:61
BRDA:18,0,0,19
BRDA:18,1,0,44
BRDA:18,1,1,19
BRDA:33,2,0,8
BRDA:33,3,0,33
BRDA:33,3,1,28
BRDA:37,4,0,1
BRDA:41,5,0,1
BRDA:41,6,0,24
BRDA:41,6,1,11
BRDA:53,7,0,23
BRDA:53,7,1,22
BRDA:55,8,0,23
BRDA:55,8,1,21
BRDA:56,9,0,23
BRDA:56,9,1,13
BRDA:72,10,0,1
BRDA:76,11,0,1
BRDA:76,12,0,8
BRDA:76,12,1,3
BRDA:80,13,0,1
BRDA:80,14,0,7
BRDA:80,14,1,1
BRDA:97,15,0,6
BRDA:97,15,1,2
BRDA:98,16,0,6
BRDA:98,16,1,5
BRDA:99,17,0,6
BRDA:99,17,1,4
BRDA:100,18,0,6
BRDA:100,18,1,5
BRDA:101,19,0,6
BRDA:101,19,1,6
BRDA:102,20,0,6
BRDA:102,20,1,6
BRDA:115,21,0,1
BRDA:129,22,0,1
BRDA:133,23,0,2
BRDA:133,24,0,12
BRDA:133,24,1,11
BRDA:143,25,0,10
BRDA:143,25,1,8
BRF:42
BRH:42
end_of_record
